<?xml version="1.0" encoding="UTF-8"?>
<!-- Generated by org.testng.reporters.JUnitReportReporter -->
<testsuite hostname="DESKTOP-4PMJEBG" failures="0" tests="1" name="testNGPack.Sumo" time="0.001" errors="0" timestamp="2022-06-04T10:05:23 IST" skipped="0">
  <testcase classname="testNGPack.Sumo" name="a" time="0.001"/>
  <system-out>
    <![CDATA[method of sumo class]]>
  </system-out>
</testsuite> <!-- testNGPack.Sumo -->
