<?xml version="1.0" encoding="UTF-8"?>
<!-- Generated by org.testng.reporters.JUnitReportReporter -->
<testsuite hostname="DESKTOP-4PMJEBG" failures="0" tests="2" name="testNGPack.Remo" time="0.016" errors="0" timestamp="2022-06-04T10:42:06 IST" skipped="0">
  <testcase classname="testNGPack.Remo" name="b" time="0.014"/>
  <system-out>
    <![CDATA[method of remo class]]>
  </system-out>
  <testcase classname="testNGPack.Remo" name="d" time="0.002"/>
  <system-out>
    <![CDATA[method d of remo class]]>
  </system-out>
</testsuite> <!-- testNGPack.Remo -->
