<?xml version="1.0" encoding="UTF-8"?>
<!-- Generated by org.testng.reporters.JUnitReportReporter -->
<testsuite hostname="DESKTOP-4PMJEBG" failures="0" tests="5" name="dataprovider.TestNgDataProvider" time="12.416" errors="0" timestamp="2022-06-10T09:05:35 IST" skipped="0">
  <testcase classname="dataprovider.TestNgDataProvider" name="login" time="2.214"/>
  <system-out/>
  <testcase classname="dataprovider.TestNgDataProvider" name="login" time="3.243"/>
  <system-out/>
  <testcase classname="dataprovider.TestNgDataProvider" name="login" time="2.438"/>
  <system-out/>
  <testcase classname="dataprovider.TestNgDataProvider" name="login" time="2.232"/>
  <system-out/>
  <testcase classname="dataprovider.TestNgDataProvider" name="login" time="2.289"/>
  <system-out/>
</testsuite> <!-- dataprovider.TestNgDataProvider -->
