<?xml version="1.0" encoding="UTF-8"?>
<!-- Generated by org.testng.reporters.JUnitReportReporter -->
<testsuite hostname="DESKTOP-4PMJEBG" failures="0" tests="2" name="testng_Flags.Flag" time="0.012" errors="0" timestamp="2022-06-04T11:00:15 IST" skipped="1">
  <testcase classname="testng_Flags.Flag" name="test1" time="0.012"/>
  <system-out>
    <![CDATA[stribng]]>
  </system-out>
  <testcase classname="testng_Flags.Flag" name="test">
    <skipped/>
  </testcase> <!-- test -->
  <system-out/>
</testsuite> <!-- testng_Flags.Flag -->
