<?xml version="1.0" encoding="UTF-8"?>
<!-- Generated by org.testng.reporters.JUnitReportReporter -->
<testsuite hostname="DESKTOP-4PMJEBG" failures="0" tests="1" name="Test_ng.ThirdClass" time="0.010" errors="0" timestamp="2022-05-17T23:36:30 IST" skipped="0">
  <testcase classname="Test_ng.ThirdClass" name="test_I" time="0.010"/>
  <system-out/>
</testsuite> <!-- Test_ng.ThirdClass -->
