<?xml version="1.0" encoding="UTF-8"?>
<!-- Generated by org.testng.reporters.JUnitReportReporter -->
<testsuite hostname="DESKTOP-4PMJEBG" failures="0" tests="2" name="testng_Flags.ParameterAnnotation" time="11.438" errors="0" timestamp="2022-06-07T09:12:59 IST" skipped="0">
  <testcase classname="testng_Flags.ParameterAnnotation" name="loginActitime" time="8.066"/>
  <system-out/>
  <testcase classname="testng_Flags.ParameterAnnotation" name="loginActitime" time="3.372"/>
  <system-out/>
</testsuite> <!-- testng_Flags.ParameterAnnotation -->
