<?xml version="1.0" encoding="UTF-8"?>
<!-- Generated by org.testng.reporters.JUnitReportReporter -->
<testsuite hostname="DESKTOP-4PMJEBG" failures="0" tests="3" name="practice.test" time="0.021" errors="0" timestamp="2022-05-16T21:47:05 IST" skipped="0">
  <testcase classname="practice.test" name="tese" time="0.004"/>
  <system-out/>
  <testcase classname="practice.test" name="teds" time="0.001"/>
  <system-out/>
  <testcase classname="practice.test" name="login" time="0.016"/>
  <system-out/>
</testsuite> <!-- practice.test -->
