<?xml version="1.0" encoding="UTF-8"?>
<!-- Generated by org.testng.reporters.JUnitReportReporter -->
<testsuite hostname="DESKTOP-4PMJEBG" failures="0" tests="6" name="testng_Flags.Priority_Flag" time="0.020" errors="0" timestamp="2022-06-04T10:42:20 IST" skipped="0">
  <testcase classname="testng_Flags.Priority_Flag" name="b" time="0.012"/>
  <system-out>
    <![CDATA[b]]>
  </system-out>
  <testcase classname="testng_Flags.Priority_Flag" name="n" time="0.002"/>
  <system-out>
    <![CDATA[n]]>
  </system-out>
  <testcase classname="testng_Flags.Priority_Flag" name="r" time="0.002"/>
  <system-out>
    <![CDATA[r]]>
  </system-out>
  <testcase classname="testng_Flags.Priority_Flag" name="z" time="0.001"/>
  <system-out>
    <![CDATA[z]]>
  </system-out>
  <testcase classname="testng_Flags.Priority_Flag" name="v" time="0.002"/>
  <system-out>
    <![CDATA[v]]>
  </system-out>
  <testcase classname="testng_Flags.Priority_Flag" name="a" time="0.001"/>
  <system-out>
    <![CDATA[a]]>
  </system-out>
</testsuite> <!-- testng_Flags.Priority_Flag -->
