<?xml version="1.0" encoding="UTF-8"?>
<!-- Generated by org.testng.reporters.JUnitReportReporter -->
<testsuite hostname="DESKTOP-4PMJEBG" failures="0" tests="100" name="testng_Flags.InvocationCount" time="0.136" errors="0" timestamp="2022-06-05T21:52:06 IST" skipped="0">
  <testcase classname="testng_Flags.InvocationCount" name="test2" time="0.004"/>
  <system-out>
    <![CDATA[invocation vount1]]>
  </system-out>
  <testcase classname="testng_Flags.InvocationCount" name="test2" time="0.001"/>
  <system-out>
    <![CDATA[invocation vount1]]>
  </system-out>
  <testcase classname="testng_Flags.InvocationCount" name="test2" time="0.001"/>
  <system-out>
    <![CDATA[invocation vount1]]>
  </system-out>
  <testcase classname="testng_Flags.InvocationCount" name="test2" time="0.001"/>
  <system-out>
    <![CDATA[invocation vount1]]>
  </system-out>
  <testcase classname="testng_Flags.InvocationCount" name="test2" time="0.001"/>
  <system-out>
    <![CDATA[invocation vount1]]>
  </system-out>
  <testcase classname="testng_Flags.InvocationCount" name="test2" time="0.011"/>
  <system-out>
    <![CDATA[invocation vount1]]>
  </system-out>
  <testcase classname="testng_Flags.InvocationCount" name="test2" time="0.001"/>
  <system-out>
    <![CDATA[invocation vount1]]>
  </system-out>
  <testcase classname="testng_Flags.InvocationCount" name="test2" time="0.001"/>
  <system-out>
    <![CDATA[invocation vount1]]>
  </system-out>
  <testcase classname="testng_Flags.InvocationCount" name="test2" time="0.001"/>
  <system-out>
    <![CDATA[invocation vount1]]>
  </system-out>
  <testcase classname="testng_Flags.InvocationCount" name="test2" time="0.005"/>
  <system-out>
    <![CDATA[invocation vount1]]>
  </system-out>
  <testcase classname="testng_Flags.InvocationCount" name="test2" time="0.001"/>
  <system-out>
    <![CDATA[invocation vount1]]>
  </system-out>
  <testcase classname="testng_Flags.InvocationCount" name="test2" time="0.001"/>
  <system-out>
    <![CDATA[invocation vount1]]>
  </system-out>
  <testcase classname="testng_Flags.InvocationCount" name="test2" time="0.012"/>
  <system-out>
    <![CDATA[invocation vount1]]>
  </system-out>
  <testcase classname="testng_Flags.InvocationCount" name="test2" time="0.001"/>
  <system-out>
    <![CDATA[invocation vount1]]>
  </system-out>
  <testcase classname="testng_Flags.InvocationCount" name="test2" time="0.001"/>
  <system-out>
    <![CDATA[invocation vount1]]>
  </system-out>
  <testcase classname="testng_Flags.InvocationCount" name="test2" time="0.001"/>
  <system-out>
    <![CDATA[invocation vount1]]>
  </system-out>
  <testcase classname="testng_Flags.InvocationCount" name="test2" time="0.003"/>
  <system-out>
    <![CDATA[invocation vount1]]>
  </system-out>
  <testcase classname="testng_Flags.InvocationCount" name="test2" time="0.002"/>
  <system-out>
    <![CDATA[invocation vount1]]>
  </system-out>
  <testcase classname="testng_Flags.InvocationCount" name="test2" time="0.001"/>
  <system-out>
    <![CDATA[invocation vount1]]>
  </system-out>
  <testcase classname="testng_Flags.InvocationCount" name="test2" time="0.001"/>
  <system-out>
    <![CDATA[invocation vount1]]>
  </system-out>
  <testcase classname="testng_Flags.InvocationCount" name="test2" time="0.000"/>
  <system-out>
    <![CDATA[invocation vount1]]>
  </system-out>
  <testcase classname="testng_Flags.InvocationCount" name="test2" time="0.001"/>
  <system-out>
    <![CDATA[invocation vount1]]>
  </system-out>
  <testcase classname="testng_Flags.InvocationCount" name="test2" time="0.001"/>
  <system-out>
    <![CDATA[invocation vount1]]>
  </system-out>
  <testcase classname="testng_Flags.InvocationCount" name="test2" time="0.001"/>
  <system-out>
    <![CDATA[invocation vount1]]>
  </system-out>
  <testcase classname="testng_Flags.InvocationCount" name="test2" time="0.000"/>
  <system-out>
    <![CDATA[invocation vount1]]>
  </system-out>
  <testcase classname="testng_Flags.InvocationCount" name="test2" time="0.002"/>
  <system-out>
    <![CDATA[invocation vount1]]>
  </system-out>
  <testcase classname="testng_Flags.InvocationCount" name="test2" time="0.001"/>
  <system-out>
    <![CDATA[invocation vount1]]>
  </system-out>
  <testcase classname="testng_Flags.InvocationCount" name="test2" time="0.000"/>
  <system-out>
    <![CDATA[invocation vount1]]>
  </system-out>
  <testcase classname="testng_Flags.InvocationCount" name="test2" time="0.001"/>
  <system-out>
    <![CDATA[invocation vount1]]>
  </system-out>
  <testcase classname="testng_Flags.InvocationCount" name="test2" time="0.001"/>
  <system-out>
    <![CDATA[invocation vount1]]>
  </system-out>
  <testcase classname="testng_Flags.InvocationCount" name="test2" time="0.001"/>
  <system-out>
    <![CDATA[invocation vount1]]>
  </system-out>
  <testcase classname="testng_Flags.InvocationCount" name="test2" time="0.001"/>
  <system-out>
    <![CDATA[invocation vount1]]>
  </system-out>
  <testcase classname="testng_Flags.InvocationCount" name="test2" time="0.001"/>
  <system-out>
    <![CDATA[invocation vount1]]>
  </system-out>
  <testcase classname="testng_Flags.InvocationCount" name="test2" time="0.001"/>
  <system-out>
    <![CDATA[invocation vount1]]>
  </system-out>
  <testcase classname="testng_Flags.InvocationCount" name="test2" time="0.001"/>
  <system-out>
    <![CDATA[invocation vount1]]>
  </system-out>
  <testcase classname="testng_Flags.InvocationCount" name="test2" time="0.001"/>
  <system-out>
    <![CDATA[invocation vount1]]>
  </system-out>
  <testcase classname="testng_Flags.InvocationCount" name="test2" time="0.001"/>
  <system-out>
    <![CDATA[invocation vount1]]>
  </system-out>
  <testcase classname="testng_Flags.InvocationCount" name="test2" time="0.001"/>
  <system-out>
    <![CDATA[invocation vount1]]>
  </system-out>
  <testcase classname="testng_Flags.InvocationCount" name="test2" time="0.001"/>
  <system-out>
    <![CDATA[invocation vount1]]>
  </system-out>
  <testcase classname="testng_Flags.InvocationCount" name="test2" time="0.001"/>
  <system-out>
    <![CDATA[invocation vount1]]>
  </system-out>
  <testcase classname="testng_Flags.InvocationCount" name="test2" time="0.002"/>
  <system-out>
    <![CDATA[invocation vount1]]>
  </system-out>
  <testcase classname="testng_Flags.InvocationCount" name="test2" time="0.001"/>
  <system-out>
    <![CDATA[invocation vount1]]>
  </system-out>
  <testcase classname="testng_Flags.InvocationCount" name="test2" time="0.001"/>
  <system-out>
    <![CDATA[invocation vount1]]>
  </system-out>
  <testcase classname="testng_Flags.InvocationCount" name="test2" time="0.001"/>
  <system-out>
    <![CDATA[invocation vount1]]>
  </system-out>
  <testcase classname="testng_Flags.InvocationCount" name="test2" time="0.002"/>
  <system-out>
    <![CDATA[invocation vount1]]>
  </system-out>
  <testcase classname="testng_Flags.InvocationCount" name="test2" time="0.000"/>
  <system-out>
    <![CDATA[invocation vount1]]>
  </system-out>
  <testcase classname="testng_Flags.InvocationCount" name="test2" time="0.001"/>
  <system-out>
    <![CDATA[invocation vount1]]>
  </system-out>
  <testcase classname="testng_Flags.InvocationCount" name="test2" time="0.002"/>
  <system-out>
    <![CDATA[invocation vount1]]>
  </system-out>
  <testcase classname="testng_Flags.InvocationCount" name="test2" time="0.001"/>
  <system-out>
    <![CDATA[invocation vount1]]>
  </system-out>
  <testcase classname="testng_Flags.InvocationCount" name="test2" time="0.002"/>
  <system-out>
    <![CDATA[invocation vount1]]>
  </system-out>
  <testcase classname="testng_Flags.InvocationCount" name="test2" time="0.000"/>
  <system-out>
    <![CDATA[invocation vount1]]>
  </system-out>
  <testcase classname="testng_Flags.InvocationCount" name="test2" time="0.001"/>
  <system-out>
    <![CDATA[invocation vount1]]>
  </system-out>
  <testcase classname="testng_Flags.InvocationCount" name="test2" time="0.001"/>
  <system-out>
    <![CDATA[invocation vount1]]>
  </system-out>
  <testcase classname="testng_Flags.InvocationCount" name="test2" time="0.001"/>
  <system-out>
    <![CDATA[invocation vount1]]>
  </system-out>
  <testcase classname="testng_Flags.InvocationCount" name="test2" time="0.000"/>
  <system-out>
    <![CDATA[invocation vount1]]>
  </system-out>
  <testcase classname="testng_Flags.InvocationCount" name="test2" time="0.001"/>
  <system-out>
    <![CDATA[invocation vount1]]>
  </system-out>
  <testcase classname="testng_Flags.InvocationCount" name="test2" time="0.001"/>
  <system-out>
    <![CDATA[invocation vount1]]>
  </system-out>
  <testcase classname="testng_Flags.InvocationCount" name="test2" time="0.001"/>
  <system-out>
    <![CDATA[invocation vount1]]>
  </system-out>
  <testcase classname="testng_Flags.InvocationCount" name="test2" time="0.005"/>
  <system-out>
    <![CDATA[invocation vount1]]>
  </system-out>
  <testcase classname="testng_Flags.InvocationCount" name="test2" time="0.000"/>
  <system-out>
    <![CDATA[invocation vount1]]>
  </system-out>
  <testcase classname="testng_Flags.InvocationCount" name="test2" time="0.001"/>
  <system-out>
    <![CDATA[invocation vount1]]>
  </system-out>
  <testcase classname="testng_Flags.InvocationCount" name="test2" time="0.001"/>
  <system-out>
    <![CDATA[invocation vount1]]>
  </system-out>
  <testcase classname="testng_Flags.InvocationCount" name="test2" time="0.001"/>
  <system-out>
    <![CDATA[invocation vount1]]>
  </system-out>
  <testcase classname="testng_Flags.InvocationCount" name="test2" time="0.001"/>
  <system-out>
    <![CDATA[invocation vount1]]>
  </system-out>
  <testcase classname="testng_Flags.InvocationCount" name="test2" time="0.001"/>
  <system-out>
    <![CDATA[invocation vount1]]>
  </system-out>
  <testcase classname="testng_Flags.InvocationCount" name="test2" time="0.001"/>
  <system-out>
    <![CDATA[invocation vount1]]>
  </system-out>
  <testcase classname="testng_Flags.InvocationCount" name="test2" time="0.001"/>
  <system-out>
    <![CDATA[invocation vount1]]>
  </system-out>
  <testcase classname="testng_Flags.InvocationCount" name="test2" time="0.001"/>
  <system-out>
    <![CDATA[invocation vount1]]>
  </system-out>
  <testcase classname="testng_Flags.InvocationCount" name="test2" time="0.001"/>
  <system-out>
    <![CDATA[invocation vount1]]>
  </system-out>
  <testcase classname="testng_Flags.InvocationCount" name="test2" time="0.001"/>
  <system-out>
    <![CDATA[invocation vount1]]>
  </system-out>
  <testcase classname="testng_Flags.InvocationCount" name="test2" time="0.001"/>
  <system-out>
    <![CDATA[invocation vount1]]>
  </system-out>
  <testcase classname="testng_Flags.InvocationCount" name="test2" time="0.001"/>
  <system-out>
    <![CDATA[invocation vount1]]>
  </system-out>
  <testcase classname="testng_Flags.InvocationCount" name="test2" time="0.001"/>
  <system-out>
    <![CDATA[invocation vount1]]>
  </system-out>
  <testcase classname="testng_Flags.InvocationCount" name="test2" time="0.002"/>
  <system-out>
    <![CDATA[invocation vount1]]>
  </system-out>
  <testcase classname="testng_Flags.InvocationCount" name="test2" time="0.003"/>
  <system-out>
    <![CDATA[invocation vount1]]>
  </system-out>
  <testcase classname="testng_Flags.InvocationCount" name="test2" time="0.000"/>
  <system-out>
    <![CDATA[invocation vount1]]>
  </system-out>
  <testcase classname="testng_Flags.InvocationCount" name="test2" time="0.001"/>
  <system-out>
    <![CDATA[invocation vount1]]>
  </system-out>
  <testcase classname="testng_Flags.InvocationCount" name="test2" time="0.002"/>
  <system-out>
    <![CDATA[invocation vount1]]>
  </system-out>
  <testcase classname="testng_Flags.InvocationCount" name="test2" time="0.001"/>
  <system-out>
    <![CDATA[invocation vount1]]>
  </system-out>
  <testcase classname="testng_Flags.InvocationCount" name="test2" time="0.001"/>
  <system-out>
    <![CDATA[invocation vount1]]>
  </system-out>
  <testcase classname="testng_Flags.InvocationCount" name="test2" time="0.001"/>
  <system-out>
    <![CDATA[invocation vount1]]>
  </system-out>
  <testcase classname="testng_Flags.InvocationCount" name="test2" time="0.001"/>
  <system-out>
    <![CDATA[invocation vount1]]>
  </system-out>
  <testcase classname="testng_Flags.InvocationCount" name="test2" time="0.002"/>
  <system-out>
    <![CDATA[invocation vount1]]>
  </system-out>
  <testcase classname="testng_Flags.InvocationCount" name="test2" time="0.001"/>
  <system-out>
    <![CDATA[invocation vount1]]>
  </system-out>
  <testcase classname="testng_Flags.InvocationCount" name="test2" time="0.001"/>
  <system-out>
    <![CDATA[invocation vount1]]>
  </system-out>
  <testcase classname="testng_Flags.InvocationCount" name="test2" time="0.001"/>
  <system-out>
    <![CDATA[invocation vount1]]>
  </system-out>
  <testcase classname="testng_Flags.InvocationCount" name="test2" time="0.001"/>
  <system-out>
    <![CDATA[invocation vount1]]>
  </system-out>
  <testcase classname="testng_Flags.InvocationCount" name="test2" time="0.001"/>
  <system-out>
    <![CDATA[invocation vount1]]>
  </system-out>
  <testcase classname="testng_Flags.InvocationCount" name="test2" time="0.001"/>
  <system-out>
    <![CDATA[invocation vount1]]>
  </system-out>
  <testcase classname="testng_Flags.InvocationCount" name="test2" time="0.000"/>
  <system-out>
    <![CDATA[invocation vount1]]>
  </system-out>
  <testcase classname="testng_Flags.InvocationCount" name="test2" time="0.001"/>
  <system-out>
    <![CDATA[invocation vount1]]>
  </system-out>
  <testcase classname="testng_Flags.InvocationCount" name="test2" time="0.001"/>
  <system-out>
    <![CDATA[invocation vount1]]>
  </system-out>
  <testcase classname="testng_Flags.InvocationCount" name="test2" time="0.001"/>
  <system-out>
    <![CDATA[invocation vount1]]>
  </system-out>
  <testcase classname="testng_Flags.InvocationCount" name="test2" time="0.001"/>
  <system-out>
    <![CDATA[invocation vount1]]>
  </system-out>
  <testcase classname="testng_Flags.InvocationCount" name="test2" time="0.001"/>
  <system-out>
    <![CDATA[invocation vount1]]>
  </system-out>
  <testcase classname="testng_Flags.InvocationCount" name="test2" time="0.000"/>
  <system-out>
    <![CDATA[invocation vount1]]>
  </system-out>
  <testcase classname="testng_Flags.InvocationCount" name="test2" time="0.002"/>
  <system-out>
    <![CDATA[invocation vount1]]>
  </system-out>
  <testcase classname="testng_Flags.InvocationCount" name="test2" time="0.001"/>
  <system-out>
    <![CDATA[invocation vount1]]>
  </system-out>
  <testcase classname="testng_Flags.InvocationCount" name="test2" time="0.001"/>
  <system-out>
    <![CDATA[invocation vount1]]>
  </system-out>
  <testcase classname="testng_Flags.InvocationCount" name="test2" time="0.001"/>
  <system-out>
    <![CDATA[invocation vount1]]>
  </system-out>
</testsuite> <!-- testng_Flags.InvocationCount -->
