<?xml version="1.0" encoding="UTF-8"?>
<!-- Generated by org.testng.reporters.JUnitReportReporter -->
<testsuite hostname="DESKTOP-4PMJEBG" failures="0" tests="12" name="testng_Flags.GroupsFlag" time="0.030" errors="0" timestamp="2022-06-07T10:33:23 IST" skipped="0">
  <testcase classname="testng_Flags.GroupsFlag" name="ft2" time="0.001"/>
  <system-out>
    <![CDATA[ft2]]>
  </system-out>
  <testcase classname="testng_Flags.GroupsFlag" name="ft6" time="0.002"/>
  <system-out>
    <![CDATA[ft6]]>
  </system-out>
  <testcase classname="testng_Flags.GroupsFlag" name="ft1" time="0.011"/>
  <system-out>
    <![CDATA[ft1]]>
  </system-out>
  <testcase classname="testng_Flags.GroupsFlag" name="it2" time="0.002"/>
  <system-out>
    <![CDATA[it2]]>
  </system-out>
  <testcase classname="testng_Flags.GroupsFlag" name="it3" time="0.001"/>
  <system-out>
    <![CDATA[it3]]>
  </system-out>
  <testcase classname="testng_Flags.GroupsFlag" name="it4" time="0.001"/>
  <system-out>
    <![CDATA[it4]]>
  </system-out>
  <testcase classname="testng_Flags.GroupsFlag" name="it6" time="0.003"/>
  <system-out>
    <![CDATA[it6]]>
  </system-out>
  <testcase classname="testng_Flags.GroupsFlag" name="ft5" time="0.002"/>
  <system-out>
    <![CDATA[ft5]]>
  </system-out>
  <testcase classname="testng_Flags.GroupsFlag" name="it5" time="0.002"/>
  <system-out>
    <![CDATA[it5]]>
  </system-out>
  <testcase classname="testng_Flags.GroupsFlag" name="it1" time="0.002"/>
  <system-out>
    <![CDATA[it1]]>
  </system-out>
  <testcase classname="testng_Flags.GroupsFlag" name="ft3" time="0.001"/>
  <system-out>
    <![CDATA[ft3]]>
  </system-out>
  <testcase classname="testng_Flags.GroupsFlag" name="ft4" time="0.002"/>
  <system-out>
    <![CDATA[ft4]]>
  </system-out>
</testsuite> <!-- testng_Flags.GroupsFlag -->
