<?xml version="1.0" encoding="UTF-8"?>
<!-- Generated by org.testng.reporters.JUnitReportReporter -->
<testsuite hostname="DESKTOP-4PMJEBG" failures="0" tests="1" name="Test_ng.firstclass" time="0.002" errors="0" timestamp="2022-05-17T23:36:30 IST" skipped="0">
  <testcase classname="Test_ng.firstclass" name="test_B" time="0.002"/>
  <system-out/>
</testsuite> <!-- Test_ng.firstclass -->
