<?xml version="1.0" encoding="UTF-8"?>
<!-- Generated by org.testng.reporters.JUnitReportReporter -->
<testsuite hostname="DESKTOP-4PMJEBG" failures="0" tests="2" name="testng_Flags.ParrelalMethodExecution" time="0.024" errors="0" timestamp="2022-06-07T10:21:54 IST" skipped="0">
  <testcase classname="testng_Flags.ParrelalMethodExecution" name="f" time="0.012"/>
  <system-out>
    <![CDATA[18
firsttest case]]>
  </system-out>
  <testcase classname="testng_Flags.ParrelalMethodExecution" name="f1" time="0.012"/>
  <system-out>
    <![CDATA[19
firsttest case]]>
  </system-out>
</testsuite> <!-- testng_Flags.ParrelalMethodExecution -->
