<?xml version="1.0" encoding="UTF-8"?>
<!-- Generated by org.testng.reporters.JUnitReportReporter -->
<testsuite hostname="DESKTOP-4PMJEBG" failures="0" tests="4" name="testng_Flags.TestNGParameter" time="17.757" errors="0" timestamp="2022-06-08T15:48:19 IST" skipped="0">
  <testcase classname="testng_Flags.TestNGParameter" name="firefox" time="4.729"/>
  <system-out/>
  <testcase classname="testng_Flags.TestNGParameter" name="launchchrome" time="3.275"/>
  <system-out/>
  <testcase classname="testng_Flags.TestNGParameter" name="firefox" time="4.521"/>
  <system-out/>
  <testcase classname="testng_Flags.TestNGParameter" name="launchchrome" time="5.232"/>
  <system-out/>
</testsuite> <!-- testng_Flags.TestNGParameter -->
