<?xml version="1.0" encoding="UTF-8"?>
<!-- Generated by org.testng.reporters.JUnitReportReporter -->
<testsuite hostname="DESKTOP-4PMJEBG" failures="0" tests="2" name="AssertionInTestNG.AssertEquals" time="11.682" errors="0" timestamp="2022-06-09T07:29:01 IST" skipped="0">
  <testcase classname="AssertionInTestNG.AssertEquals" name="valid" time="8.505"/>
  <system-out>
    <![CDATA[actiTIME - Enter Time-Track]]>
  </system-out>
  <testcase classname="AssertionInTestNG.AssertEquals" name="invalid" time="3.177"/>
  <system-out/>
</testsuite> <!-- AssertionInTestNG.AssertEquals -->
