<?xml version="1.0" encoding="UTF-8"?>
<!-- Generated by org.testng.reporters.JUnitReportReporter -->
<testsuite hostname="DESKTOP-4PMJEBG" failures="0" tests="1" name="testNGPack.Demo1" time="0.002" errors="0" timestamp="2022-06-04T10:05:23 IST" skipped="0">
  <testcase classname="testNGPack.Demo1" name="b" time="0.002"/>
  <system-out>
    <![CDATA[method of demo1 class]]>
  </system-out>
</testsuite> <!-- testNGPack.Demo1 -->
