<?xml version="1.0" encoding="UTF-8"?>
<!-- Generated by org.testng.reporters.JUnitReportReporter -->
<testsuite hostname="DESKTOP-4PMJEBG" failures="0" tests="1" name="Test_ng.SecondClass" time="0.001" errors="0" timestamp="2022-05-17T23:36:30 IST" skipped="0">
  <testcase classname="Test_ng.SecondClass" name="test_E" time="0.001"/>
  <system-out/>
</testsuite> <!-- Test_ng.SecondClass -->
