<?xml version="1.0" encoding="UTF-8"?>
<!-- Generated by org.testng.reporters.JUnitReportReporter -->
<testsuite hostname="DESKTOP-4PMJEBG" failures="0" tests="1" name="testng_Flags.DescriptionFlag" time="0.011" errors="0" timestamp="2022-06-04T10:27:37 IST" skipped="0">
  <testcase classname="testng_Flags.DescriptionFlag" name="first" time="0.011"/>
  <system-out>
    <![CDATA[first test case ]]>
  </system-out>
</testsuite> <!-- testng_Flags.DescriptionFlag -->
