<?xml version="1.0" encoding="UTF-8"?>
<!-- Generated by org.testng.reporters.JUnitReportReporter -->
<testsuite hostname="DESKTOP-4PMJEBG" failures="0" tests="1" name="testpackage.TestActiTimeValidLgin" time="5.551" errors="0" timestamp="2022-06-13T21:14:10 IST" skipped="0">
  <testcase classname="testpackage.TestActiTimeValidLgin" name="actitimevalidLogin" time="5.551"/>
  <system-out/>
</testsuite> <!-- testpackage.TestActiTimeValidLgin -->
