<?xml version="1.0" encoding="UTF-8"?>
<!-- Generated by org.testng.reporters.JUnitReportReporter -->
<testsuite hostname="DESKTOP-4PMJEBG" failures="0" tests="1" name="testpackage.TestActiTimeLogout" time="3.780" errors="0" timestamp="2022-06-13T21:17:25 IST" skipped="0">
  <testcase classname="testpackage.TestActiTimeLogout" name="Logout" time="3.780"/>
  <system-out/>
</testsuite> <!-- testpackage.TestActiTimeLogout -->
