<?xml version="1.0" encoding="UTF-8"?>
<!-- Generated by org.testng.reporters.JUnitReportReporter -->
<testsuite hostname="DESKTOP-4PMJEBG" failures="0" tests="1" name="testpackage.TestActiTimeInvalidLogin" time="39.781" errors="0" timestamp="2022-06-14T08:44:45 IST" skipped="0">
  <testcase classname="testpackage.TestActiTimeInvalidLogin" name="actitimeinvalidLogin" time="39.781"/>
  <system-out>
    <![CDATA[ad


manager
a d
man ager
admin123
manager123

manager$123
manager
admin
ad
ad
manager
manager
manager

manager#
ad]]>
  </system-out>
</testsuite> <!-- testpackage.TestActiTimeInvalidLogin -->
