<?xml version="1.0" encoding="UTF-8"?>
<!-- Generated by org.testng.reporters.JUnitReportReporter -->
<testsuite hostname="DESKTOP-4PMJEBG" failures="0" tests="1" name="testpackage.printSettingDropdown" time="4.343" errors="0" timestamp="2022-06-13T21:21:25 IST" skipped="0">
  <testcase classname="testpackage.printSettingDropdown" name="vdropdown" time="4.343"/>
  <system-out/>
</testsuite> <!-- testpackage.printSettingDropdown -->
